                              1 ;--------------------------------------------------------
                              2 ; File Created by SDCC : free open source ANSI-C Compiler
                              3 ; Version 3.2.0 #8008 (Jul  6 2012) (MINGW32)
                              4 ; This file was generated Fri Nov 03 13:51:48 2017
                              5 ;--------------------------------------------------------
                              6 	.module max
                              7 	.optsdcc -mmcs51 --model-small
                              8 	
                              9 ;--------------------------------------------------------
                             10 ; Public variables in this module
                             11 ;--------------------------------------------------------
                             12 	.globl _read_max
                             13 	.globl _write_max
                             14 	.globl _SPR0
                             15 	.globl _SPR1
                             16 	.globl _CPHA
                             17 	.globl _CPOL
                             18 	.globl _SPIM
                             19 	.globl _SPE
                             20 	.globl _WCOL
                             21 	.globl _ISPI
                             22 	.globl _I2CI
                             23 	.globl _I2CTX
                             24 	.globl _I2CRS
                             25 	.globl _I2CM
                             26 	.globl _MDI
                             27 	.globl _MCO
                             28 	.globl _MDE
                             29 	.globl _MDO
                             30 	.globl _CS0
                             31 	.globl _CS1
                             32 	.globl _CS2
                             33 	.globl _CS3
                             34 	.globl _SCONV
                             35 	.globl _CCONV
                             36 	.globl _DMA
                             37 	.globl _ADCI
                             38 	.globl _P
                             39 	.globl _F1
                             40 	.globl _OV
                             41 	.globl _RS0
                             42 	.globl _RS1
                             43 	.globl _F0
                             44 	.globl _AC
                             45 	.globl _CY
                             46 	.globl _CAP2
                             47 	.globl _CNT2
                             48 	.globl _TR2
                             49 	.globl _XEN
                             50 	.globl _TCLK
                             51 	.globl _RCLK
                             52 	.globl _EXF2
                             53 	.globl _TF2
                             54 	.globl _WDE
                             55 	.globl _WDS
                             56 	.globl _WDR2
                             57 	.globl _WDR1
                             58 	.globl _PRE0
                             59 	.globl _PRE1
                             60 	.globl _PRE2
                             61 	.globl _PX0
                             62 	.globl _PT0
                             63 	.globl _PX1
                             64 	.globl _PT1
                             65 	.globl _PS
                             66 	.globl _PT2
                             67 	.globl _PADC
                             68 	.globl _PSI
                             69 	.globl _RXD
                             70 	.globl _TXD
                             71 	.globl _INT0
                             72 	.globl _INT1
                             73 	.globl _T0
                             74 	.globl _T1
                             75 	.globl _WR
                             76 	.globl _RD
                             77 	.globl _EX0
                             78 	.globl _ET0
                             79 	.globl _EX1
                             80 	.globl _ET1
                             81 	.globl _ES
                             82 	.globl _ET2
                             83 	.globl _EADC
                             84 	.globl _EA
                             85 	.globl _RI
                             86 	.globl _TI
                             87 	.globl _RB8
                             88 	.globl _TB8
                             89 	.globl _REN
                             90 	.globl _SM2
                             91 	.globl _SM1
                             92 	.globl _SM0
                             93 	.globl _T2
                             94 	.globl _T2EX
                             95 	.globl _IT0
                             96 	.globl _IE0
                             97 	.globl _IT1
                             98 	.globl _IE1
                             99 	.globl _TR0
                            100 	.globl _TF0
                            101 	.globl _TR1
                            102 	.globl _TF1
                            103 	.globl _DACCON
                            104 	.globl _DAC1H
                            105 	.globl _DAC1L
                            106 	.globl _DAC0H
                            107 	.globl _DAC0L
                            108 	.globl _SPICON
                            109 	.globl _SPIDAT
                            110 	.globl _ADCCON3
                            111 	.globl _ADCGAINH
                            112 	.globl _ADCGAINL
                            113 	.globl _ADCOFSH
                            114 	.globl _ADCOFSL
                            115 	.globl _B
                            116 	.globl _ADCCON1
                            117 	.globl _I2CCON
                            118 	.globl _ACC
                            119 	.globl _PSMCON
                            120 	.globl _ADCDATAH
                            121 	.globl _ADCDATAL
                            122 	.globl _ADCCON2
                            123 	.globl _DMAP
                            124 	.globl _DMAH
                            125 	.globl _DMAL
                            126 	.globl _PSW
                            127 	.globl _TH2
                            128 	.globl _TL2
                            129 	.globl _RCAP2H
                            130 	.globl _RCAP2L
                            131 	.globl _T2CON
                            132 	.globl _EADRL
                            133 	.globl _WDCON
                            134 	.globl _EDATA4
                            135 	.globl _EDATA3
                            136 	.globl _EDATA2
                            137 	.globl _EDATA1
                            138 	.globl _ETIM3
                            139 	.globl _ETIM2
                            140 	.globl _ETIM1
                            141 	.globl _ECON
                            142 	.globl _IP
                            143 	.globl _P3
                            144 	.globl _IE2
                            145 	.globl _IE
                            146 	.globl _P2
                            147 	.globl _I2CADD
                            148 	.globl _I2CDAT
                            149 	.globl _SBUF
                            150 	.globl _SCON
                            151 	.globl _P1
                            152 	.globl _TH1
                            153 	.globl _TH0
                            154 	.globl _TL1
                            155 	.globl _TL0
                            156 	.globl _TMOD
                            157 	.globl _TCON
                            158 	.globl _PCON
                            159 	.globl _DPP
                            160 	.globl _DPH
                            161 	.globl _DPL
                            162 	.globl _SP
                            163 	.globl _P0
                            164 ;--------------------------------------------------------
                            165 ; special function registers
                            166 ;--------------------------------------------------------
                            167 	.area RSEG    (ABS,DATA)
   0000                     168 	.org 0x0000
                    0080    169 _P0	=	0x0080
                    0081    170 _SP	=	0x0081
                    0082    171 _DPL	=	0x0082
                    0083    172 _DPH	=	0x0083
                    0084    173 _DPP	=	0x0084
                    0087    174 _PCON	=	0x0087
                    0088    175 _TCON	=	0x0088
                    0089    176 _TMOD	=	0x0089
                    008A    177 _TL0	=	0x008a
                    008B    178 _TL1	=	0x008b
                    008C    179 _TH0	=	0x008c
                    008D    180 _TH1	=	0x008d
                    0090    181 _P1	=	0x0090
                    0098    182 _SCON	=	0x0098
                    0099    183 _SBUF	=	0x0099
                    009A    184 _I2CDAT	=	0x009a
                    009B    185 _I2CADD	=	0x009b
                    00A0    186 _P2	=	0x00a0
                    00A8    187 _IE	=	0x00a8
                    00A9    188 _IE2	=	0x00a9
                    00B0    189 _P3	=	0x00b0
                    00B8    190 _IP	=	0x00b8
                    00B9    191 _ECON	=	0x00b9
                    00BA    192 _ETIM1	=	0x00ba
                    00BB    193 _ETIM2	=	0x00bb
                    00C4    194 _ETIM3	=	0x00c4
                    00BC    195 _EDATA1	=	0x00bc
                    00BD    196 _EDATA2	=	0x00bd
                    00BE    197 _EDATA3	=	0x00be
                    00BF    198 _EDATA4	=	0x00bf
                    00C0    199 _WDCON	=	0x00c0
                    00C6    200 _EADRL	=	0x00c6
                    00C8    201 _T2CON	=	0x00c8
                    00CA    202 _RCAP2L	=	0x00ca
                    00CB    203 _RCAP2H	=	0x00cb
                    00CC    204 _TL2	=	0x00cc
                    00CD    205 _TH2	=	0x00cd
                    00D0    206 _PSW	=	0x00d0
                    00D2    207 _DMAL	=	0x00d2
                    00D3    208 _DMAH	=	0x00d3
                    00D4    209 _DMAP	=	0x00d4
                    00D8    210 _ADCCON2	=	0x00d8
                    00D9    211 _ADCDATAL	=	0x00d9
                    00DA    212 _ADCDATAH	=	0x00da
                    00DF    213 _PSMCON	=	0x00df
                    00E0    214 _ACC	=	0x00e0
                    00E8    215 _I2CCON	=	0x00e8
                    00EF    216 _ADCCON1	=	0x00ef
                    00F0    217 _B	=	0x00f0
                    00F1    218 _ADCOFSL	=	0x00f1
                    00F2    219 _ADCOFSH	=	0x00f2
                    00F3    220 _ADCGAINL	=	0x00f3
                    00F4    221 _ADCGAINH	=	0x00f4
                    00F5    222 _ADCCON3	=	0x00f5
                    00F7    223 _SPIDAT	=	0x00f7
                    00F8    224 _SPICON	=	0x00f8
                    00F9    225 _DAC0L	=	0x00f9
                    00FA    226 _DAC0H	=	0x00fa
                    00FB    227 _DAC1L	=	0x00fb
                    00FC    228 _DAC1H	=	0x00fc
                    00FD    229 _DACCON	=	0x00fd
                            230 ;--------------------------------------------------------
                            231 ; special function bits
                            232 ;--------------------------------------------------------
                            233 	.area RSEG    (ABS,DATA)
   0000                     234 	.org 0x0000
                    008F    235 _TF1	=	0x008f
                    008E    236 _TR1	=	0x008e
                    008D    237 _TF0	=	0x008d
                    008C    238 _TR0	=	0x008c
                    008B    239 _IE1	=	0x008b
                    008A    240 _IT1	=	0x008a
                    0089    241 _IE0	=	0x0089
                    0088    242 _IT0	=	0x0088
                    0091    243 _T2EX	=	0x0091
                    0090    244 _T2	=	0x0090
                    009F    245 _SM0	=	0x009f
                    009E    246 _SM1	=	0x009e
                    009D    247 _SM2	=	0x009d
                    009C    248 _REN	=	0x009c
                    009B    249 _TB8	=	0x009b
                    009A    250 _RB8	=	0x009a
                    0099    251 _TI	=	0x0099
                    0098    252 _RI	=	0x0098
                    00AF    253 _EA	=	0x00af
                    00AE    254 _EADC	=	0x00ae
                    00AD    255 _ET2	=	0x00ad
                    00AC    256 _ES	=	0x00ac
                    00AB    257 _ET1	=	0x00ab
                    00AA    258 _EX1	=	0x00aa
                    00A9    259 _ET0	=	0x00a9
                    00A8    260 _EX0	=	0x00a8
                    00B7    261 _RD	=	0x00b7
                    00B6    262 _WR	=	0x00b6
                    00B5    263 _T1	=	0x00b5
                    00B4    264 _T0	=	0x00b4
                    00B3    265 _INT1	=	0x00b3
                    00B2    266 _INT0	=	0x00b2
                    00B1    267 _TXD	=	0x00b1
                    00B0    268 _RXD	=	0x00b0
                    00BF    269 _PSI	=	0x00bf
                    00BE    270 _PADC	=	0x00be
                    00BD    271 _PT2	=	0x00bd
                    00BC    272 _PS	=	0x00bc
                    00BB    273 _PT1	=	0x00bb
                    00BA    274 _PX1	=	0x00ba
                    00B9    275 _PT0	=	0x00b9
                    00B8    276 _PX0	=	0x00b8
                    00C7    277 _PRE2	=	0x00c7
                    00C6    278 _PRE1	=	0x00c6
                    00C5    279 _PRE0	=	0x00c5
                    00C3    280 _WDR1	=	0x00c3
                    00C2    281 _WDR2	=	0x00c2
                    00C1    282 _WDS	=	0x00c1
                    00C0    283 _WDE	=	0x00c0
                    00CF    284 _TF2	=	0x00cf
                    00CE    285 _EXF2	=	0x00ce
                    00CD    286 _RCLK	=	0x00cd
                    00CC    287 _TCLK	=	0x00cc
                    00CB    288 _XEN	=	0x00cb
                    00CA    289 _TR2	=	0x00ca
                    00C9    290 _CNT2	=	0x00c9
                    00C8    291 _CAP2	=	0x00c8
                    00D7    292 _CY	=	0x00d7
                    00D6    293 _AC	=	0x00d6
                    00D5    294 _F0	=	0x00d5
                    00D4    295 _RS1	=	0x00d4
                    00D3    296 _RS0	=	0x00d3
                    00D2    297 _OV	=	0x00d2
                    00D1    298 _F1	=	0x00d1
                    00D0    299 _P	=	0x00d0
                    00DF    300 _ADCI	=	0x00df
                    00DE    301 _DMA	=	0x00de
                    00DD    302 _CCONV	=	0x00dd
                    00DC    303 _SCONV	=	0x00dc
                    00DB    304 _CS3	=	0x00db
                    00DA    305 _CS2	=	0x00da
                    00D9    306 _CS1	=	0x00d9
                    00D8    307 _CS0	=	0x00d8
                    00EF    308 _MDO	=	0x00ef
                    00EE    309 _MDE	=	0x00ee
                    00ED    310 _MCO	=	0x00ed
                    00EC    311 _MDI	=	0x00ec
                    00EB    312 _I2CM	=	0x00eb
                    00EA    313 _I2CRS	=	0x00ea
                    00E9    314 _I2CTX	=	0x00e9
                    00E8    315 _I2CI	=	0x00e8
                    00FF    316 _ISPI	=	0x00ff
                    00FE    317 _WCOL	=	0x00fe
                    00FD    318 _SPE	=	0x00fd
                    00FC    319 _SPIM	=	0x00fc
                    00FB    320 _CPOL	=	0x00fb
                    00FA    321 _CPHA	=	0x00fa
                    00F9    322 _SPR1	=	0x00f9
                    00F8    323 _SPR0	=	0x00f8
                            324 ;--------------------------------------------------------
                            325 ; overlayable register banks
                            326 ;--------------------------------------------------------
                            327 	.area REG_BANK_0	(REL,OVR,DATA)
   0000                     328 	.ds 8
                            329 ;--------------------------------------------------------
                            330 ; internal ram data
                            331 ;--------------------------------------------------------
                            332 	.area DSEG    (DATA)
                            333 ;--------------------------------------------------------
                            334 ; overlayable items in internal ram 
                            335 ;--------------------------------------------------------
                            336 ;--------------------------------------------------------
                            337 ; indirectly addressable internal ram data
                            338 ;--------------------------------------------------------
                            339 	.area ISEG    (DATA)
                            340 ;--------------------------------------------------------
                            341 ; absolute internal ram data
                            342 ;--------------------------------------------------------
                            343 	.area IABS    (ABS,DATA)
                            344 	.area IABS    (ABS,DATA)
                            345 ;--------------------------------------------------------
                            346 ; bit data
                            347 ;--------------------------------------------------------
                            348 	.area BSEG    (BIT)
                            349 ;--------------------------------------------------------
                            350 ; paged external ram data
                            351 ;--------------------------------------------------------
                            352 	.area PSEG    (PAG,XDATA)
                            353 ;--------------------------------------------------------
                            354 ; external ram data
                            355 ;--------------------------------------------------------
                            356 	.area XSEG    (XDATA)
                            357 ;--------------------------------------------------------
                            358 ; absolute external ram data
                            359 ;--------------------------------------------------------
                            360 	.area XABS    (ABS,XDATA)
                            361 ;--------------------------------------------------------
                            362 ; external initialized ram data
                            363 ;--------------------------------------------------------
                            364 	.area XISEG   (XDATA)
                            365 	.area HOME    (CODE)
                            366 	.area GSINIT0 (CODE)
                            367 	.area GSINIT1 (CODE)
                            368 	.area GSINIT2 (CODE)
                            369 	.area GSINIT3 (CODE)
                            370 	.area GSINIT4 (CODE)
                            371 	.area GSINIT5 (CODE)
                            372 	.area GSINIT  (CODE)
                            373 	.area GSFINAL (CODE)
                            374 	.area CSEG    (CODE)
                            375 ;--------------------------------------------------------
                            376 ; global & static initialisations
                            377 ;--------------------------------------------------------
                            378 	.area HOME    (CODE)
                            379 	.area GSINIT  (CODE)
                            380 	.area GSFINAL (CODE)
                            381 	.area GSINIT  (CODE)
                            382 ;--------------------------------------------------------
                            383 ; Home
                            384 ;--------------------------------------------------------
                            385 	.area HOME    (CODE)
                            386 	.area HOME    (CODE)
                            387 ;--------------------------------------------------------
                            388 ; code
                            389 ;--------------------------------------------------------
                            390 	.area CSEG    (CODE)
                            391 ;------------------------------------------------------------
                            392 ;Allocation info for local variables in function 'write_max'
                            393 ;------------------------------------------------------------
                            394 ;val                       Allocated to stack - _bp -3
                            395 ;regnum                    Allocated to registers r6 r7 
                            396 ;oldDPP                    Allocated to registers r5 
                            397 ;------------------------------------------------------------
                            398 ;	SRC/max.c:50: void write_max( unsigned char __xdata *regnum, unsigned char val )
                            399 ;	-----------------------------------------
                            400 ;	 function write_max
                            401 ;	-----------------------------------------
   0000                     402 _write_max:
                    0007    403 	ar7 = 0x07
                    0006    404 	ar6 = 0x06
                    0005    405 	ar5 = 0x05
                    0004    406 	ar4 = 0x04
                    0003    407 	ar3 = 0x03
                    0002    408 	ar2 = 0x02
                    0001    409 	ar1 = 0x01
                    0000    410 	ar0 = 0x00
   0000 C0*00               411 	push	_bp
   0002 85 81*00            412 	mov	_bp,sp
                            413 ;	SRC/max.c:52: unsigned char oldDPP = DPP;
                            414 ;	SRC/max.c:54: DPP     = MAXBASE;
                            415 ;	SRC/max.c:55: *regnum = val;
   0005 AD 84               416 	mov	r5,_DPP
   0007 75 84 08            417 	mov	_DPP,#0x08
   000A E5*00               418 	mov	a,_bp
   000C 24 FD               419 	add	a,#0xfd
   000E F8                  420 	mov	r0,a
   000F E6                  421 	mov	a,@r0
   0010 F0                  422 	movx	@dptr,a
                            423 ;	SRC/max.c:56: DPP     = oldDPP;
   0011 8D 84               424 	mov	_DPP,r5
   0013 D0*00               425 	pop	_bp
   0015 22                  426 	ret
                            427 ;------------------------------------------------------------
                            428 ;Allocation info for local variables in function 'read_max'
                            429 ;------------------------------------------------------------
                            430 ;regnum                    Allocated to registers r6 r7 
                            431 ;oldDPP                    Allocated to registers r5 
                            432 ;val                       Allocated to registers r6 
                            433 ;------------------------------------------------------------
                            434 ;	SRC/max.c:72: unsigned char read_max( unsigned char __xdata *regnum )
                            435 ;	-----------------------------------------
                            436 ;	 function read_max
                            437 ;	-----------------------------------------
   0016                     438 _read_max:
                            439 ;	SRC/max.c:74: unsigned char oldDPP=DPP;
                            440 ;	SRC/max.c:77: DPP = MAXBASE;
                            441 ;	SRC/max.c:78: val = *regnum;
   0016 AD 84               442 	mov	r5,_DPP
   0018 75 84 08            443 	mov	_DPP,#0x08
   001B E0                  444 	movx	a,@dptr
   001C FE                  445 	mov	r6,a
                            446 ;	SRC/max.c:79: DPP = oldDPP;
   001D 8D 84               447 	mov	_DPP,r5
                            448 ;	SRC/max.c:81: return val;
   001F 8E 82               449 	mov	dpl,r6
   0021 22                  450 	ret
                            451 	.area CSEG    (CODE)
                            452 	.area CONST   (CODE)
                            453 	.area XINIT   (CODE)
                            454 	.area CABS    (ABS,CODE)
